make.exe --dry-run --always-make --keep-going --print-directory
make: Entering directory '/c/Users/Hosua/Desktop/Github/TetriC'
 
mkdir  \\c\\Users\\Hosua\\Desktop\\Github\\TetriC\\build\\src 2>NUL || true
 
echo "COMPILING SOURCE src/clock.c INTO OBJECT objs/clock.o"
 
mkdir -p 'objs'
 
gcc -c -lSDL2 -lSDL2_ttf -lSDL2_mixer -g -Wall src/clock.c -o objs/clock.o
 
echo "COMPILING SOURCE src/graphics.c INTO OBJECT objs/graphics.o"
 
mkdir -p 'objs'
 
gcc -c -lSDL2 -lSDL2_ttf -lSDL2_mixer -g -Wall src/graphics.c -o objs/graphics.o
 
echo "COMPILING SOURCE src/input.c INTO OBJECT objs/input.o"
 
mkdir -p 'objs'
 
gcc -c -lSDL2 -lSDL2_ttf -lSDL2_mixer -g -Wall src/input.c -o objs/input.o
 
echo "COMPILING SOURCE src/main.c INTO OBJECT objs/main.o"
 
mkdir -p 'objs'
 
gcc -c -lSDL2 -lSDL2_ttf -lSDL2_mixer -g -Wall src/main.c -o objs/main.o
 
echo "COMPILING SOURCE src/queue.c INTO OBJECT objs/queue.o"
 
mkdir -p 'objs'
 
gcc -c -lSDL2 -lSDL2_ttf -lSDL2_mixer -g -Wall src/queue.c -o objs/queue.o
 
echo "COMPILING SOURCE src/sounds.c INTO OBJECT objs/sounds.o"
 
mkdir -p 'objs'
 
gcc -c -lSDL2 -lSDL2_ttf -lSDL2_mixer -g -Wall src/sounds.c -o objs/sounds.o
 
echo "COMPILING SOURCE src/test.c INTO OBJECT objs/test.o"
 
mkdir -p 'objs'
 
gcc -c -lSDL2 -lSDL2_ttf -lSDL2_mixer -g -Wall src/test.c -o objs/test.o
 
echo "COMPILING SOURCE src/tetris.c INTO OBJECT objs/tetris.o"
 
mkdir -p 'objs'
 
gcc -c -lSDL2 -lSDL2_ttf -lSDL2_mixer -g -Wall src/tetris.c -o objs/tetris.o
 
echo Linking TetriC
 
gcc objs/clock.o objs/graphics.o objs/input.o objs/main.o objs/queue.o objs/sounds.o objs/test.o objs/tetris.o -lSDL2 -lSDL2_ttf -lSDL2_mixer -g -Wall -o TetriC
 
make: Leaving directory '/c/Users/Hosua/Desktop/Github/TetriC'
 
